<?xml version="1.0" encoding="UTF-8"?>
<testng-results ignored="0" total="1" passed="1" failed="0" skipped="0">
  <reporter-output>
  </reporter-output>
  <suite started-at="2025-05-13T15:33:16 IST" name="Default suite" finished-at="2025-05-13T15:33:20 IST" duration-ms="4749">
    <groups>
    </groups>
    <test started-at="2025-05-13T15:33:16 IST" name="Default test" finished-at="2025-05-13T15:33:20 IST" duration-ms="4749">
      <class name="org.Simple.MyWorkSpace.Testapi">
        <test-method signature="getUser()[pri:0, instance:org.Simple.MyWorkSpace.Testapi@1165b38]" started-at="2025-05-13T15:33:16 IST" name="getUser" finished-at="2025-05-13T15:33:20 IST" duration-ms="4659" status="PASS">
          <reporter-output>
          </reporter-output>
        </test-method> <!-- getUser -->
      </class> <!-- org.Simple.MyWorkSpace.Testapi -->
    </test> <!-- Default test -->
  </suite> <!-- Default suite -->
</testng-results>
